{
  "0 debug pnpm:scope": {
    "selected": 1
  },
  "1 error pnpm": {
    "code": "ELIFECYCLE",
    "errno": "ENOENT",
    "syscall": "spawn",
    "file": "sh",
    "pkgid": "cv-create@0.0.0",
    "stage": "dev",
    "script": "vite",
    "pkgname": "cv-create",
    "err": {
      "name": "pnpm",
      "message": "cv-create@0.0.0 dev: `vite`\nspawn ENOENT",
      "code": "ELIFECYCLE",
      "stack": "pnpm: cv-create@0.0.0 dev: `vite`\nspawn ENOENT\n    at ChildProcess.<anonymous> (/home/sid/.node_modules/pnpm-global/5/node_modules/.pnpm/pnpm@6.20.2/node_modules/pnpm/dist/pnpm.cjs:91248:22)\n    at ChildProcess.emit (node:events:394:28)\n    at maybeClose (node:internal/child_process:1064:16)\n    at Process.ChildProcess._handle.onexit (node:internal/child_process:301:5)"
    }
  }
}